<?xml version="1.0" encoding="UTF-8"?>
<!-- Generated by org.testng.reporters.JUnitReportReporter -->
<testsuite hostname="DESKTOP-6GEKH4U" failures="0" tests="1" name="project.test4" time="6.552" errors="0" timestamp="2022-12-09T04:47:17 PST" skipped="0">
  <testcase classname="project.test4" name="test" time="6.552"/>
  <system-out/>
</testsuite> <!-- project.test4 -->
